<?xml version="1.0" encoding="UTF-8"?>
<testsuite name="com.mjc.school.NewsModelServiceTest" tests="5" skipped="0" failures="0" errors="0" timestamp="2023-10-05T06:05:39" hostname="DELL-ПК" time="2.03">
  <properties/>
  <testcase name="testGetNewsByNonExistentId()" classname="com.mjc.school.NewsModelServiceTest" time="1.928"/>
  <testcase name="testRemoveNewsById()" classname="com.mjc.school.NewsModelServiceTest" time="0.043"/>
  <testcase name="testUpdateNews()" classname="com.mjc.school.NewsModelServiceTest" time="0.027"/>
  <testcase name="testGetAllNews()" classname="com.mjc.school.NewsModelServiceTest" time="0.01"/>
  <testcase name="testCreateNews()" classname="com.mjc.school.NewsModelServiceTest" time="0.013"/>
  <system-out><![CDATA[]]></system-out>
  <system-err><![CDATA[]]></system-err>
</testsuite>
